<?xml version="1.0" encoding="UTF-8"?>
<testng-results skipped="0" failed="0" total="3" passed="3">
  <reporter-output>
    <line>
      <![CDATA[Test is passed]]>
    </line>
    <line>
      <![CDATA[Test is failed]]>
    </line>
  </reporter-output>
  <suite name="Default suite" duration-ms="54574" started-at="2018-06-08T04:25:38Z" finished-at="2018-06-08T04:26:33Z">
    <groups>
    </groups>
    <test name="Default test" duration-ms="54574" started-at="2018-06-08T04:25:38Z" finished-at="2018-06-08T04:26:33Z">
      <class name="pagelibrary.com.ranford.test_excute">
        <test-method status="PASS" signature="verify_launch()[pri:0, instance:pagelibrary.com.ranford.test_excute@7c16905e]" name="verify_launch" is-config="true" duration-ms="33115" started-at="2018-06-08T09:55:38Z" finished-at="2018-06-08T09:56:11Z">
          <reporter-output>
            <line>
              <![CDATA[Test is passed]]>
            </line>
          </reporter-output>
        </test-method> <!-- verify_launch -->
        <test-method status="PASS" signature="verify_login()[pri:0, instance:pagelibrary.com.ranford.test_excute@7c16905e]" name="verify_login" duration-ms="3223" started-at="2018-06-08T09:56:11Z" finished-at="2018-06-08T09:56:15Z">
          <reporter-output>
            <line>
              <![CDATA[Test is failed]]>
            </line>
          </reporter-output>
        </test-method> <!-- verify_login -->
        <test-method status="PASS" signature="verify_branches()[pri:0, instance:pagelibrary.com.ranford.test_excute@7c16905e]" name="verify_branches" duration-ms="4952" started-at="2018-06-08T09:56:15Z" finished-at="2018-06-08T09:56:20Z">
          <reporter-output>
          </reporter-output>
        </test-method> <!-- verify_branches -->
        <test-method status="PASS" signature="verify_content()[pri:0, instance:pagelibrary.com.ranford.test_excute@7c16905e]" name="verify_content" duration-ms="13202" started-at="2018-06-08T09:56:20Z" finished-at="2018-06-08T09:56:33Z">
          <reporter-output>
          </reporter-output>
        </test-method> <!-- verify_content -->
      </class> <!-- pagelibrary.com.ranford.test_excute -->
    </test> <!-- Default test -->
  </suite> <!-- Default suite -->
</testng-results>
