<?xml version="1.0" encoding="UTF-8"?>
<testng-results skipped="0" failed="0" total="2" passed="2">
  <reporter-output>
    <line>
      <![CDATA[Test is passed]]>
    </line>
    <line>
      <![CDATA[Test is failed]]>
    </line>
    <line>
      <![CDATA[Test is passed]]>
    </line>
    <line>
      <![CDATA[Test is failed]]>
    </line>
  </reporter-output>
  <suite name="Suite" duration-ms="76847" started-at="2018-06-13T03:41:35Z" finished-at="2018-06-13T03:42:52Z">
    <groups>
    </groups>
    <test name="Test" duration-ms="50273" started-at="2018-06-13T03:41:35Z" finished-at="2018-06-13T03:42:25Z">
      <class name="pagelibrary.com.ranford.test_excute">
        <test-method status="PASS" signature="verify_launch(java.lang.String)[pri:0, instance:pagelibrary.com.ranford.test_excute@5442a311]" name="verify_launch" is-config="true" duration-ms="45967" started-at="2018-06-13T09:11:35Z" finished-at="2018-06-13T09:12:21Z">
          <params>
            <param index="0">
              <value>
                <![CDATA[firefox]]>
              </value>
            </param>
          </params>
          <reporter-output>
            <line>
              <![CDATA[Test is passed]]>
            </line>
          </reporter-output>
        </test-method> <!-- verify_launch -->
        <test-method status="PASS" signature="verify_login()[pri:1, instance:pagelibrary.com.ranford.test_excute@5442a311]" name="verify_login" duration-ms="4203" started-at="2018-06-13T09:12:21Z" finished-at="2018-06-13T09:12:25Z">
          <reporter-output>
            <line>
              <![CDATA[Test is failed]]>
            </line>
          </reporter-output>
        </test-method> <!-- verify_login -->
      </class> <!-- pagelibrary.com.ranford.test_excute -->
    </test> <!-- Test -->
    <test name="Test2" duration-ms="26304" started-at="2018-06-13T03:42:26Z" finished-at="2018-06-13T03:42:52Z">
      <class name="pagelibrary.com.ranford.test_excute">
        <test-method status="PASS" signature="verify_launch(java.lang.String)[pri:0, instance:pagelibrary.com.ranford.test_excute@59ec2012]" name="verify_launch" is-config="true" duration-ms="19695" started-at="2018-06-13T09:12:26Z" finished-at="2018-06-13T09:12:45Z">
          <params>
            <param index="0">
              <value>
                <![CDATA[chrome]]>
              </value>
            </param>
          </params>
          <reporter-output>
            <line>
              <![CDATA[Test is passed]]>
            </line>
          </reporter-output>
        </test-method> <!-- verify_launch -->
        <test-method status="PASS" signature="verify_login()[pri:1, instance:pagelibrary.com.ranford.test_excute@59ec2012]" name="verify_login" duration-ms="6604" started-at="2018-06-13T09:12:45Z" finished-at="2018-06-13T09:12:52Z">
          <reporter-output>
            <line>
              <![CDATA[Test is failed]]>
            </line>
          </reporter-output>
        </test-method> <!-- verify_login -->
      </class> <!-- pagelibrary.com.ranford.test_excute -->
    </test> <!-- Test2 -->
  </suite> <!-- Suite -->
</testng-results>
